<?xml version="1.0" encoding="UTF-8"?>
<!-- Generated by org.testng.reporters.JUnitReportReporter -->
<testsuite skipped="2" hostname="HIPUNL105725" name="com.flipcart.qa.testcases.LoginPageTest" tests="5" failures="0" timestamp="2021-05-20T13:10:46 IST" time="40.646" errors="0">
  <testcase name="loginPageTitleTest" time="12.314" classname="com.flipcart.qa.testcases.LoginPageTest"/>
  <system-out/>
  <testcase name="logoImageTest" time="13.662" classname="com.flipcart.qa.testcases.LoginPageTest"/>
  <system-out/>
  <testcase name="loginTest" time="14.670" classname="com.flipcart.qa.testcases.LoginPageTest"/>
  <system-out/>
  <testcase name="loginTestwithinvalidusername" classname="com.flipcart.qa.testcases.LoginPageTest">
    <skipped/>
  </testcase> <!-- loginTestwithinvalidusername -->
  <system-out/>
  <testcase name="loginTestwithinvalidpassword" classname="com.flipcart.qa.testcases.LoginPageTest">
    <skipped/>
  </testcase> <!-- loginTestwithinvalidpassword -->
  <system-out/>
</testsuite> <!-- com.flipcart.qa.testcases.LoginPageTest -->
